INFO: [VRFC 10-2263] Analyzing SystemVerilog file "/home/pc-10/Desktop/single_cycle_RISC_V/single_cycle_RISC_V.srcs/sources_1/new/adder_32.sv" into library xil_defaultlib
INFO: [VRFC 10-311] analyzing module adder_32
INFO: [VRFC 10-2263] Analyzing SystemVerilog file "/home/pc-10/Desktop/single_cycle_RISC_V/single_cycle_RISC_V.srcs/sources_1/new/alu_logic.sv" into library xil_defaultlib
INFO: [VRFC 10-311] analyzing module ALU
INFO: [VRFC 10-2263] Analyzing SystemVerilog file "/home/pc-10/Desktop/single_cycle_RISC_V/single_cycle_RISC_V.srcs/sources_1/new/control_unit.sv" into library xil_defaultlib
INFO: [VRFC 10-311] analyzing module control_unit
INFO: [VRFC 10-311] analyzing module main_decoder
INFO: [VRFC 10-311] analyzing module alu_decoder
INFO: [VRFC 10-2263] Analyzing SystemVerilog file "/home/pc-10/Desktop/single_cycle_RISC_V/single_cycle_RISC_V.srcs/sources_1/new/data_mem.sv" into library xil_defaultlib
INFO: [VRFC 10-311] analyzing module data_mem
INFO: [VRFC 10-2263] Analyzing SystemVerilog file "/home/pc-10/Desktop/single_cycle_RISC_V/single_cycle_RISC_V.srcs/sources_1/new/imm_gen.sv" into library xil_defaultlib
INFO: [VRFC 10-311] analyzing module imm_Gen
INFO: [VRFC 10-2263] Analyzing SystemVerilog file "/home/pc-10/Desktop/single_cycle_RISC_V/single_cycle_RISC_V.srcs/sources_1/new/inst_mem.sv" into library xil_defaultlib
INFO: [VRFC 10-311] analyzing module INST_MEM
INFO: [VRFC 10-2263] Analyzing SystemVerilog file "/home/pc-10/Desktop/single_cycle_RISC_V/single_cycle_RISC_V.srcs/sources_1/new/mux_2x1.sv" into library xil_defaultlib
INFO: [VRFC 10-311] analyzing module mux_2x1
INFO: [VRFC 10-311] analyzing module mux_3x1
INFO: [VRFC 10-2263] Analyzing SystemVerilog file "/home/pc-10/Desktop/single_cycle_RISC_V/single_cycle_RISC_V.srcs/sources_1/new/program_counter.sv" into library xil_defaultlib
INFO: [VRFC 10-311] analyzing module PC_32bit
INFO: [VRFC 10-2263] Analyzing SystemVerilog file "/home/pc-10/Desktop/single_cycle_RISC_V/single_cycle_RISC_V.srcs/sources_1/new/reg_file.sv" into library xil_defaultlib
INFO: [VRFC 10-311] analyzing module REG_FILE
INFO: [VRFC 10-2263] Analyzing SystemVerilog file "/home/pc-10/Desktop/single_cycle_RISC_V/single_cycle_RISC_V.srcs/sources_1/new/top.sv" into library xil_defaultlib
INFO: [VRFC 10-311] analyzing module top
INFO: [VRFC 10-2263] Analyzing SystemVerilog file "/home/pc-10/Desktop/single_cycle_RISC_V/single_cycle_RISC_V.srcs/sim_1/new/top_tb.sv" into library xil_defaultlib
INFO: [VRFC 10-311] analyzing module tb_top
